#
# There is insufficient memory for the Java Runtime Environment to continue.
# Native memory allocation (malloc) failed to allocate 32744 bytes for ChunkPool::allocate
# Possible reasons:
#   The system is out of physical RAM or swap space
#   The process is running with CompressedOops enabled, and the Java Heap may be blocking the growth of the native heap
# Possible solutions:
#   Reduce memory load on the system
#   Increase physical memory or swap space
#   Check if swap backing store is full
#   Decrease Java heap size (-Xmx/-Xms)
#   Decrease number of Java threads
#   Decrease Java thread stack sizes (-Xss)
#   Set larger code cache with -XX:ReservedCodeCacheSize=
#   JVM is running with Unscaled Compressed Oops mode in which the Java heap is
#     placed in the first 4GB address space. The Java Heap base address is the
#     maximum limit for the native heap growth. Please use -XX:HeapBaseMinAddress
#     to set the Java Heap base and to place the Java Heap above 4GB virtual address.
# This output file may be truncated or incomplete.
#
#  Out of Memory Error (./open/src/hotspot/share/memory/arena.cpp:81), pid=33772, tid=2772
#
# JRE version: Java(TM) SE Runtime Environment 18.9 (11.0.17+10) (build 11.0.17+10-LTS-269)
# Java VM: Java HotSpot(TM) 64-Bit Server VM 18.9 (11.0.17+10-LTS-269, mixed mode, tiered, compressed oops, g1 gc, windows-amd64)
# No core dump will be written. Minidumps are not enabled by default on client versions of Windows
#

---------------  S U M M A R Y ------------

Command Line: -Xmx64m -Xms64m -Dorg.gradle.appname=gradlew org.gradle.wrapper.GradleWrapperMain app:installDebug -PreactNativeDevServerPort=8081

Host: AMD Ryzen 7 5700U with Radeon Graphics         , 16 cores, 15G,  Windows 11 , 64 bit Build 22621 (10.0.22621.1194)
Time: Wed Mar  8 09:16:20 2023 Hora est. Pacífico, Sudamérica elapsed time: 80.107231 seconds (0d 0h 1m 20s)

---------------  T H R E A D  ---------------

Current thread (0x0000016038a35000):  JavaThread "C1 CompilerThread0" daemon [_thread_in_native, id=2772, stack(0x0000003227000000,0x0000003227100000)]


Current CompileTask:
C1:  80108  681   !   3       jdk.internal.loader.URLClassPath$JarLoader::getResource (353 bytes)

Stack: [0x0000003227000000,0x0000003227100000]
Native frames: (J=compiled Java code, j=interpreted, Vv=VM code, C=native code)
V  [jvm.dll+0x62b5da]
V  [jvm.dll+0x7653df]
V  [jvm.dll+0x766a89]
V  [jvm.dll+0x767113]
V  [jvm.dll+0x23dd28]
V  [jvm.dll+0xb2c7b]
V  [jvm.dll+0xb2fdc]
V  [jvm.dll+0x159673]
V  [jvm.dll+0x159737]
V  [jvm.dll+0x15c0f9]
V  [jvm.dll+0x15ddb1]
V  [jvm.dll+0x1189c5]
V  [jvm.dll+0x11825f]
V  [jvm.dll+0x11848f]
V  [jvm.dll+0x117734]
V  [jvm.dll+0x119607]
V  [jvm.dll+0x207296]
V  [jvm.dll+0x20542b]
V  [jvm.dll+0x72b2c0]
V  [jvm.dll+0x723e64]
V  [jvm.dll+0x62a485]
C  [ucrtbase.dll+0x29363]
C  [KERNEL32.DLL+0x126bd]
C  [ntdll.dll+0x5dfb8]


---------------  P R O C E S S  ---------------

Threads class SMR info:
_java_thread_list=0x00000160394bfca0, length=10, elements={
0x000001601e91b000, 0x00000160389a3800, 0x00000160389ce000, 0x0000016038a24800,
0x0000016038a26800, 0x0000016038a28000, 0x0000016038a2c000, 0x0000016038a35000,
0x0000016038a3b800, 0x00000160394f7800
}

Java Threads: ( => current thread )
  0x000001601e91b000 JavaThread "main" [_thread_in_vm, id=32920, stack(0x0000003226300000,0x0000003226400000)]
  0x00000160389a3800 JavaThread "Reference Handler" daemon [_thread_blocked, id=27460, stack(0x0000003226a00000,0x0000003226b00000)]
  0x00000160389ce000 JavaThread "Finalizer" daemon [_thread_blocked, id=15776, stack(0x0000003226b00000,0x0000003226c00000)]
  0x0000016038a24800 JavaThread "Signal Dispatcher" daemon [_thread_blocked, id=29304, stack(0x0000003226c00000,0x0000003226d00000)]
  0x0000016038a26800 JavaThread "Attach Listener" daemon [_thread_blocked, id=29912, stack(0x0000003226d00000,0x0000003226e00000)]
  0x0000016038a28000 JavaThread "Service Thread" daemon [_thread_blocked, id=11852, stack(0x0000003226e00000,0x0000003226f00000)]
  0x0000016038a2c000 JavaThread "C2 CompilerThread0" daemon [_thread_blocked, id=24556, stack(0x0000003226f00000,0x0000003227000000)]
=>0x0000016038a35000 JavaThread "C1 CompilerThread0" daemon [_thread_in_native, id=2772, stack(0x0000003227000000,0x0000003227100000)]
  0x0000016038a3b800 JavaThread "Sweeper thread" daemon [_thread_blocked, id=27692, stack(0x0000003227100000,0x0000003227200000)]
  0x00000160394f7800 JavaThread "Common-Cleaner" daemon [_thread_blocked, id=32964, stack(0x0000003227300000,0x0000003227400000)]

Other Threads:
  0x00000160389a1800 VMThread "VM Thread" [stack: 0x0000003226900000,0x0000003226a00000] [id=30628]
  0x00000160394ee000 WatcherThread [stack: 0x0000003227200000,0x0000003227300000] [id=16160]
  0x000001601e930800 GCTaskThread "GC Thread#0" [stack: 0x0000003226400000,0x0000003226500000] [id=13820]
  0x000001601e93a000 ConcurrentGCThread "G1 Main Marker" [stack: 0x0000003226500000,0x0000003226600000] [id=31020]
  0x000001601e93c000 ConcurrentGCThread "G1 Conc#0" [stack: 0x0000003226600000,0x0000003226700000] [id=20656]
  0x000001601e9b8800 ConcurrentGCThread "G1 Refine#0" [stack: 0x0000003226700000,0x0000003226800000] [id=32548]
  0x000001601e9bb800 ConcurrentGCThread "G1 Young RemSet Sampling" [stack: 0x0000003226800000,0x0000003226900000] [id=29356]

Threads with active compile tasks:
C1 CompilerThread0    80158  681   !   3       jdk.internal.loader.URLClassPath$JarLoader::getResource (353 bytes)

VM state:not at safepoint (normal execution)

VM Mutex/Monitor currently owned by a thread: None

OutOfMemory and StackOverflow Exception counts:
OutOfMemoryError java_heap_errors=5
LinkageErrors=3

Heap address: 0x00000000fc000000, size: 64 MB, Compressed Oops mode: 32-bit
Narrow klass base: 0x0000000000000000, Narrow klass shift: 3
Compressed class space size: 1073741824 Address: 0x0000000100000000

Heap:
 garbage-first heap   total 65536K, used 17408K [0x00000000fc000000, 0x0000000100000000)
  region size 1024K, 16 young (16384K), 0 survivors (0K)
 Metaspace       used 7791K, capacity 8016K, committed 8192K, reserved 1056768K
  class space    used 698K, capacity 754K, committed 768K, reserved 1048576K
Heap Regions: E=young(eden), S=young(survivor), O=old, HS=humongous(starts), HC=humongous(continues), CS=collection set, F=free, A=archive, TAMS=top-at-mark-start (previous, next)
|   0|0x00000000fc000000, 0x00000000fc100000, 0x00000000fc100000|100%|HS|  |TAMS 0x00000000fc000000, 0x00000000fc000000| Complete 
|   1|0x00000000fc100000, 0x00000000fc200000, 0x00000000fc200000|100%|HC|  |TAMS 0x00000000fc100000, 0x00000000fc100000| Complete 
|   2|0x00000000fc200000, 0x00000000fc300000, 0x00000000fc300000|100%|HC|  |TAMS 0x00000000fc200000, 0x00000000fc200000| Complete 
|   3|0x00000000fc300000, 0x00000000fc300000, 0x00000000fc400000|  0%| F|  |TAMS 0x00000000fc300000, 0x00000000fc300000| Untracked 
|   4|0x00000000fc400000, 0x00000000fc400000, 0x00000000fc500000|  0%| F|  |TAMS 0x00000000fc400000, 0x00000000fc400000| Untracked 
|   5|0x00000000fc500000, 0x00000000fc500000, 0x00000000fc600000|  0%| F|  |TAMS 0x00000000fc500000, 0x00000000fc500000| Untracked 
|   6|0x00000000fc600000, 0x00000000fc600000, 0x00000000fc700000|  0%| F|  |TAMS 0x00000000fc600000, 0x00000000fc600000| Untracked 
|   7|0x00000000fc700000, 0x00000000fc700000, 0x00000000fc800000|  0%| F|  |TAMS 0x00000000fc700000, 0x00000000fc700000| Untracked 
|   8|0x00000000fc800000, 0x00000000fc800000, 0x00000000fc900000|  0%| F|  |TAMS 0x00000000fc800000, 0x00000000fc800000| Untracked 
|   9|0x00000000fc900000, 0x00000000fc900000, 0x00000000fca00000|  0%| F|  |TAMS 0x00000000fc900000, 0x00000000fc900000| Untracked 
|  10|0x00000000fca00000, 0x00000000fca00000, 0x00000000fcb00000|  0%| F|  |TAMS 0x00000000fca00000, 0x00000000fca00000| Untracked 
|  11|0x00000000fcb00000, 0x00000000fcb00000, 0x00000000fcc00000|  0%| F|  |TAMS 0x00000000fcb00000, 0x00000000fcb00000| Untracked 
|  12|0x00000000fcc00000, 0x00000000fcc00000, 0x00000000fcd00000|  0%| F|  |TAMS 0x00000000fcc00000, 0x00000000fcc00000| Untracked 
|  13|0x00000000fcd00000, 0x00000000fcd00000, 0x00000000fce00000|  0%| F|  |TAMS 0x00000000fcd00000, 0x00000000fcd00000| Untracked 
|  14|0x00000000fce00000, 0x00000000fce00000, 0x00000000fcf00000|  0%| F|  |TAMS 0x00000000fce00000, 0x00000000fce00000| Untracked 
|  15|0x00000000fcf00000, 0x00000000fcf00000, 0x00000000fd000000|  0%| F|  |TAMS 0x00000000fcf00000, 0x00000000fcf00000| Untracked 
|  16|0x00000000fd000000, 0x00000000fd000000, 0x00000000fd100000|  0%| F|  |TAMS 0x00000000fd000000, 0x00000000fd000000| Untracked 
|  17|0x00000000fd100000, 0x00000000fd100000, 0x00000000fd200000|  0%| F|  |TAMS 0x00000000fd100000, 0x00000000fd100000| Untracked 
|  18|0x00000000fd200000, 0x00000000fd200000, 0x00000000fd300000|  0%| F|  |TAMS 0x00000000fd200000, 0x00000000fd200000| Untracked 
|  19|0x00000000fd300000, 0x00000000fd300000, 0x00000000fd400000|  0%| F|  |TAMS 0x00000000fd300000, 0x00000000fd300000| Untracked 
|  20|0x00000000fd400000, 0x00000000fd400000, 0x00000000fd500000|  0%| F|  |TAMS 0x00000000fd400000, 0x00000000fd400000| Untracked 
|  21|0x00000000fd500000, 0x00000000fd500000, 0x00000000fd600000|  0%| F|  |TAMS 0x00000000fd500000, 0x00000000fd500000| Untracked 
|  22|0x00000000fd600000, 0x00000000fd600000, 0x00000000fd700000|  0%| F|  |TAMS 0x00000000fd600000, 0x00000000fd600000| Untracked 
|  23|0x00000000fd700000, 0x00000000fd700000, 0x00000000fd800000|  0%| F|  |TAMS 0x00000000fd700000, 0x00000000fd700000| Untracked 
|  24|0x00000000fd800000, 0x00000000fd800000, 0x00000000fd900000|  0%| F|  |TAMS 0x00000000fd800000, 0x00000000fd800000| Untracked 
|  25|0x00000000fd900000, 0x00000000fd900000, 0x00000000fda00000|  0%| F|  |TAMS 0x00000000fd900000, 0x00000000fd900000| Untracked 
|  26|0x00000000fda00000, 0x00000000fda00000, 0x00000000fdb00000|  0%| F|  |TAMS 0x00000000fda00000, 0x00000000fda00000| Untracked 
|  27|0x00000000fdb00000, 0x00000000fdb00000, 0x00000000fdc00000|  0%| F|  |TAMS 0x00000000fdb00000, 0x00000000fdb00000| Untracked 
|  28|0x00000000fdc00000, 0x00000000fdc00000, 0x00000000fdd00000|  0%| F|  |TAMS 0x00000000fdc00000, 0x00000000fdc00000| Untracked 
|  29|0x00000000fdd00000, 0x00000000fdd00000, 0x00000000fde00000|  0%| F|  |TAMS 0x00000000fdd00000, 0x00000000fdd00000| Untracked 
|  30|0x00000000fde00000, 0x00000000fde00000, 0x00000000fdf00000|  0%| F|  |TAMS 0x00000000fde00000, 0x00000000fde00000| Untracked 
|  31|0x00000000fdf00000, 0x00000000fdf00000, 0x00000000fe000000|  0%| F|  |TAMS 0x00000000fdf00000, 0x00000000fdf00000| Untracked 
|  32|0x00000000fe000000, 0x00000000fe000000, 0x00000000fe100000|  0%| F|  |TAMS 0x00000000fe000000, 0x00000000fe000000| Untracked 
|  33|0x00000000fe100000, 0x00000000fe100000, 0x00000000fe200000|  0%| F|  |TAMS 0x00000000fe100000, 0x00000000fe100000| Untracked 
|  34|0x00000000fe200000, 0x00000000fe200000, 0x00000000fe300000|  0%| F|  |TAMS 0x00000000fe200000, 0x00000000fe200000| Untracked 
|  35|0x00000000fe300000, 0x00000000fe300000, 0x00000000fe400000|  0%| F|  |TAMS 0x00000000fe300000, 0x00000000fe300000| Untracked 
|  36|0x00000000fe400000, 0x00000000fe400000, 0x00000000fe500000|  0%| F|  |TAMS 0x00000000fe400000, 0x00000000fe400000| Untracked 
|  37|0x00000000fe500000, 0x00000000fe500000, 0x00000000fe600000|  0%| F|  |TAMS 0x00000000fe500000, 0x00000000fe500000| Untracked 
|  38|0x00000000fe600000, 0x00000000fe600000, 0x00000000fe700000|  0%| F|  |TAMS 0x00000000fe600000, 0x00000000fe600000| Untracked 
|  39|0x00000000fe700000, 0x00000000fe700000, 0x00000000fe800000|  0%| F|  |TAMS 0x00000000fe700000, 0x00000000fe700000| Untracked 
|  40|0x00000000fe800000, 0x00000000fe800000, 0x00000000fe900000|  0%| F|  |TAMS 0x00000000fe800000, 0x00000000fe800000| Untracked 
|  41|0x00000000fe900000, 0x00000000fe900000, 0x00000000fea00000|  0%| F|  |TAMS 0x00000000fe900000, 0x00000000fe900000| Untracked 
|  42|0x00000000fea00000, 0x00000000fea00000, 0x00000000feb00000|  0%| F|  |TAMS 0x00000000fea00000, 0x00000000fea00000| Untracked 
|  43|0x00000000feb00000, 0x00000000feb00000, 0x00000000fec00000|  0%| F|  |TAMS 0x00000000feb00000, 0x00000000feb00000| Untracked 
|  44|0x00000000fec00000, 0x00000000fec00000, 0x00000000fed00000|  0%| F|  |TAMS 0x00000000fec00000, 0x00000000fec00000| Untracked 
|  45|0x00000000fed00000, 0x00000000fed00000, 0x00000000fee00000|  0%| F|  |TAMS 0x00000000fed00000, 0x00000000fed00000| Untracked 
|  46|0x00000000fee00000, 0x00000000fee00000, 0x00000000fef00000|  0%| F|  |TAMS 0x00000000fee00000, 0x00000000fee00000| Untracked 
|  47|0x00000000fef00000, 0x00000000fef00000, 0x00000000ff000000|  0%| F|  |TAMS 0x00000000fef00000, 0x00000000fef00000| Untracked 
|  48|0x00000000ff000000, 0x00000000ff100000, 0x00000000ff100000|100%| E|  |TAMS 0x00000000ff000000, 0x00000000ff000000| Complete 
|  49|0x00000000ff100000, 0x00000000ff200000, 0x00000000ff200000|100%| E|  |TAMS 0x00000000ff100000, 0x00000000ff100000| Complete 
|  50|0x00000000ff200000, 0x00000000ff300000, 0x00000000ff300000|100%| E|CS|TAMS 0x00000000ff200000, 0x00000000ff200000| Complete 
|  51|0x00000000ff300000, 0x00000000ff400000, 0x00000000ff400000|100%| E|CS|TAMS 0x00000000ff300000, 0x00000000ff300000| Complete 
|  52|0x00000000ff400000, 0x00000000ff500000, 0x00000000ff500000|100%| E|CS|TAMS 0x00000000ff400000, 0x00000000ff400000| Complete 
|  53|0x00000000ff500000, 0x00000000ff600000, 0x00000000ff600000|100%| E|CS|TAMS 0x00000000ff500000, 0x00000000ff500000| Complete 
|  54|0x00000000ff600000, 0x00000000ff700000, 0x00000000ff700000|100%| E|CS|TAMS 0x00000000ff600000, 0x00000000ff600000| Complete 
|  55|0x00000000ff700000, 0x00000000ff800000, 0x00000000ff800000|100%| E|CS|TAMS 0x00000000ff700000, 0x00000000ff700000| Complete 
|  56|0x00000000ff800000, 0x00000000ff900000, 0x00000000ff900000|100%| E|CS|TAMS 0x00000000ff800000, 0x00000000ff800000| Complete 
|  57|0x00000000ff900000, 0x00000000ffa00000, 0x00000000ffa00000|100%| E|CS|TAMS 0x00000000ff900000, 0x00000000ff900000| Complete 
|  58|0x00000000ffa00000, 0x00000000ffb00000, 0x00000000ffb00000|100%| E|CS|TAMS 0x00000000ffa00000, 0x00000000ffa00000| Complete 
|  59|0x00000000ffb00000, 0x00000000ffc00000, 0x00000000ffc00000|100%| E|CS|TAMS 0x00000000ffb00000, 0x00000000ffb00000| Complete 
|  60|0x00000000ffc00000, 0x00000000ffd00000, 0x00000000ffd00000|100%| E|CS|TAMS 0x00000000ffc00000, 0x00000000ffc00000| Complete 
|  61|0x00000000ffd00000, 0x00000000ffe00000, 0x00000000ffe00000|100%| E|CS|TAMS 0x00000000ffd00000, 0x00000000ffd00000| Complete 
|  62|0x00000000ffe00000, 0x00000000fff00000, 0x00000000fff00000|100%| E|CS|TAMS 0x00000000ffe00000, 0x00000000ffe00000| Complete 
|  63|0x00000000fff00000, 0x0000000100000000, 0x0000000100000000|100%| E|CS|TAMS 0x00000000fff00000, 0x00000000fff00000| Complete 

Card table byte_map: [0x000001601c920000,0x000001601c940000] _byte_map_base: 0x000001601c140000

Marking Bits (Prev, Next): (CMBitMap*) 0x000001601e938dc8, (CMBitMap*) 0x000001601e938e00
 Prev Bits: [0x0000016035870000, 0x0000016035970000)
 Next Bits: [0x0000016035970000, 0x0000016035a70000)

Polling page: 0x000001601c8d0000

Metaspace:

Usage:
  Non-class:      7.09 MB capacity,     6.93 MB ( 98%) used,   162.85 KB (  2%) free+waste,     5.94 KB ( <1%) overhead. 
      Class:    754.00 KB capacity,   698.57 KB ( 93%) used,    52.62 KB (  7%) free+waste,     2.81 KB ( <1%) overhead. 
       Both:      7.83 MB capacity,     7.61 MB ( 97%) used,   215.47 KB (  3%) free+waste,     8.75 KB ( <1%) overhead. 

Virtual space:
  Non-class space:        8.00 MB reserved,       7.25 MB ( 91%) committed 
      Class space:        1.00 GB reserved,     768.00 KB ( <1%) committed 
             Both:        1.01 GB reserved,       8.00 MB ( <1%) committed 

Chunk freelists:
   Non-Class:  4.25 KB
       Class:  1.75 KB
        Both:  6.00 KB

CodeHeap 'non-profiled nmethods': size=119168Kb used=197Kb max_used=197Kb free=118970Kb
 bounds [0x000001602db80000, 0x000001602ddf0000, 0x0000016034fe0000]
CodeHeap 'profiled nmethods': size=119168Kb used=1235Kb max_used=1235Kb free=117933Kb
 bounds [0x0000016026720000, 0x0000016026990000, 0x000001602db80000]
CodeHeap 'non-nmethods': size=7424Kb used=1061Kb max_used=1077Kb free=6363Kb
 bounds [0x0000016025fe0000, 0x0000016026250000, 0x0000016026720000]
 total_blobs=1034 nmethods=679 adapters=267
 compilation: enabled
              stopped_count=0, restarted_count=0
 full_count=0

Compilation events (10 events):
Event: 69.565 Thread 0x0000016038a35000 nmethod 676 0x0000016026851d90 code [0x0000016026851f40, 0x0000016026852268]
Event: 69.565 Thread 0x0000016038a35000  677       3       java.util.jar.JarFile$JarFileEntry::<init> (16 bytes)
Event: 69.566 Thread 0x0000016038a35000 nmethod 677 0x0000016026852390 code [0x0000016026852540, 0x00000160268527a8]
Event: 69.566 Thread 0x0000016038a35000  678       3       java.util.jar.JarEntry::<init> (6 bytes)
Event: 69.566 Thread 0x0000016038a35000 nmethod 678 0x0000016026852890 code [0x0000016026852a40, 0x0000016026852b68]
Event: 80.030 Thread 0x0000016038a35000  679       3       java.lang.ClassLoader::checkPackageAccess (102 bytes)
Event: 80.032 Thread 0x0000016038a35000 nmethod 679 0x0000016026852c10 code [0x0000016026852ea0, 0x0000016026853988]
Event: 80.033 Thread 0x0000016038a35000  680       3       jdk.internal.util.jar.JarIndex::get (49 bytes)
Event: 80.033 Thread 0x0000016038a35000 nmethod 680 0x0000016026853e90 code [0x00000160268540c0, 0x0000016026854968]
Event: 80.034 Thread 0x0000016038a35000  681   !   3       jdk.internal.loader.URLClassPath$JarLoader::getResource (353 bytes)

GC Heap History (0 events):
No events

Deoptimization events (7 events):
Event: 0.130 Thread 0x000001601e91b000 Uncommon trap: reason=unstable_if action=reinterpret pc=0x000001602db8451c method=java.lang.String.hashCode()I @ 14 c2
Event: 41.264 Thread 0x000001601e91b000 Uncommon trap: reason=unstable_if action=reinterpret pc=0x000001602db98888 method=java.util.regex.Pattern.append(II)V @ 6 c2
Event: 42.788 Thread 0x000001601e91b000 Uncommon trap: reason=unstable_if action=reinterpret pc=0x000001602db8e360 method=java.util.zip.ZipFile$Source.checkUTF8([BII)V @ 12 c2
Event: 49.573 Thread 0x000001601e91b000 Uncommon trap: reason=class_check action=maybe_recompile pc=0x000001602dba49a0 method=java.util.HashMap.putVal(ILjava/lang/Object;Ljava/lang/Object;ZZ)Ljava/lang/Object; @ 203 c2
Event: 54.855 Thread 0x000001601e91b000 Uncommon trap: reason=class_check action=maybe_recompile pc=0x000001602dba49a0 method=java.util.HashMap.putVal(ILjava/lang/Object;Ljava/lang/Object;ZZ)Ljava/lang/Object; @ 203 c2
Event: 54.861 Thread 0x000001601e91b000 Uncommon trap: reason=class_check action=maybe_recompile pc=0x000001602dba48e4 method=java.util.HashMap.putVal(ILjava/lang/Object;Ljava/lang/Object;ZZ)Ljava/lang/Object; @ 91 c2
Event: 58.966 Thread 0x000001601e91b000 Uncommon trap: reason=class_check action=maybe_recompile pc=0x000001602dba48e4 method=java.util.HashMap.putVal(ILjava/lang/Object;Ljava/lang/Object;ZZ)Ljava/lang/Object; @ 91 c2

Classes redefined (0 events):
No events

Internal exceptions (8 events):
Event: 4.333 Thread 0x000001601e91b000 Exception <a 'java/lang/NoSuchMethodError'{0x00000000ffc5fed0}: java.lang.invoke.DirectMethodHandle$Holder.invokeStaticInit(Ljava/lang/Object;Ljava/lang/Object;)I> (0x00000000ffc5fed0) thrown at [./open/src/hotspot/share/interpreter/linkResolver.cpp, line
Event: 14.855 Thread 0x000001601e91b000 Exception <a 'java/lang/NoSuchMethodError'{0x00000000ffb33bb8}: java.lang.invoke.DirectMethodHandle$Holder.invokeSpecial(Ljava/lang/Object;Ljava/lang/Object;Ljava/lang/Object;Ljava/lang/Object;)I> (0x00000000ffb33bb8) thrown at [./open/src/hotspot/share/i
Event: 14.899 Thread 0x000001601e91b000 Exception <a 'java/lang/NoSuchMethodError'{0x00000000ffb6c468}: java.lang.invoke.DirectMethodHandle$Holder.invokeSpecialIFC(Ljava/lang/Object;Ljava/lang/Object;I)I> (0x00000000ffb6c468) thrown at [./open/src/hotspot/share/interpreter/linkResolver.cpp, lin
Event: 80.020 Thread 0x000001601e91b000 Exception <a 'java/lang/OutOfMemoryError'{0x00000000ff0b93f8}> (0x00000000ff0b93f8) thrown at [./open/src/hotspot/share/prims/jni.cpp, line 632]
Event: 80.022 Thread 0x000001601e91b000 Exception <a 'java/lang/OutOfMemoryError'{0x00000000ff0b93f8}> (0x00000000ff0b93f8) thrown at [./open/src/hotspot/share/prims/jvm.cpp, line 1309]
Event: 80.023 Thread 0x000001601e91b000 Exception <a 'java/lang/OutOfMemoryError'{0x00000000ff0b93f8}> (0x00000000ff0b93f8) thrown at [./open/src/hotspot/share/prims/jvm.cpp, line 1309]
Event: 80.023 Thread 0x000001601e91b000 Exception <a 'java/lang/OutOfMemoryError'{0x00000000ff0b93f8}> (0x00000000ff0b93f8) thrown at [./open/src/hotspot/share/prims/jvm.cpp, line 1309]
Event: 80.029 Thread 0x000001601e91b000 Exception <a 'java/lang/OutOfMemoryError'{0x00000000ff0b93f8}> (0x00000000ff0b93f8) thrown at [./open/src/hotspot/share/oops/instanceKlass.cpp, line 1024]

Events (10 events):
Event: 80.031 loading class org/gradle/api/logging/LogLevel
Event: 80.031 loading class org/gradle/api/logging/LogLevel done
Event: 80.033 loading class org/gradle/api/logging/configuration/ShowStacktrace
Event: 80.033 loading class org/gradle/api/logging/configuration/ShowStacktrace done
Event: 80.034 loading class org/gradle/api/logging/configuration/ConsoleOutput
Event: 80.034 loading class org/gradle/api/logging/configuration/ConsoleOutput done
Event: 80.035 loading class org/gradle/api/logging/configuration/WarningMode
Event: 80.035 loading class org/gradle/api/logging/configuration/WarningMode done
Event: 80.036 loading class org/gradle/internal/buildevents/BuildExceptionReporter
Event: 80.036 loading class org/gradle/internal/buildevents/BuildExceptionReporter done


Dynamic libraries:
0x00007ff659bc0000 - 0x00007ff659bcf000 	C:\Program Files\Java\jdk-11.0.17\bin\java.exe
0x00007ffe176b0000 - 0x00007ffe178c4000 	C:\WINDOWS\SYSTEM32\ntdll.dll
0x00007ffe16680000 - 0x00007ffe16743000 	C:\WINDOWS\System32\KERNEL32.DLL
0x00007ffe14ce0000 - 0x00007ffe1507c000 	C:\WINDOWS\System32\KERNELBASE.dll
0x00007ffe14af0000 - 0x00007ffe14c01000 	C:\WINDOWS\System32\ucrtbase.dll
0x00007ffdcf100000 - 0x00007ffdcf118000 	C:\Program Files\Java\jdk-11.0.17\bin\jli.dll
0x00007ffdce5d0000 - 0x00007ffdce5e5000 	C:\Program Files\Java\jdk-11.0.17\bin\VCRUNTIME140.dll
0x00007ffe17510000 - 0x00007ffe175be000 	C:\WINDOWS\System32\ADVAPI32.dll
0x00007ffe172c0000 - 0x00007ffe17367000 	C:\WINDOWS\System32\msvcrt.dll
0x00007ffe17210000 - 0x00007ffe172b4000 	C:\WINDOWS\System32\sechost.dll
0x00007ffe17090000 - 0x00007ffe171a5000 	C:\WINDOWS\System32\RPCRT4.dll
0x00007ffe16ed0000 - 0x00007ffe1707d000 	C:\WINDOWS\System32\USER32.dll
0x00007ffe14cb0000 - 0x00007ffe14cd6000 	C:\WINDOWS\System32\win32u.dll
0x00007ffe16ae0000 - 0x00007ffe16b09000 	C:\WINDOWS\System32\GDI32.dll
0x00007ffe15140000 - 0x00007ffe15252000 	C:\WINDOWS\System32\gdi32full.dll
0x00007ffe13e30000 - 0x00007ffe140be000 	C:\WINDOWS\WinSxS\amd64_microsoft.windows.common-controls_6595b64144ccf1df_6.0.22621.608_none_a9444ca7c10bb01d\COMCTL32.dll
0x00007ffe14c10000 - 0x00007ffe14caa000 	C:\WINDOWS\System32\msvcp_win.dll
0x00007ffe0b9d0000 - 0x00007ffe0b9da000 	C:\WINDOWS\SYSTEM32\VERSION.dll
0x00007ffe175c0000 - 0x00007ffe175f2000 	C:\WINDOWS\System32\IMM32.DLL
0x00007ffd9c610000 - 0x00007ffd9c6ab000 	C:\Program Files\Java\jdk-11.0.17\bin\msvcp140.dll
0x00007ffd9baf0000 - 0x00007ffd9c60a000 	C:\Program Files\Java\jdk-11.0.17\bin\server\jvm.dll
0x00007ffe17080000 - 0x00007ffe17088000 	C:\WINDOWS\System32\PSAPI.DLL
0x00007ffe0c3b0000 - 0x00007ffe0c3e4000 	C:\WINDOWS\SYSTEM32\WINMM.dll
0x00007ffdf1c90000 - 0x00007ffdf1c99000 	C:\WINDOWS\SYSTEM32\WSOCK32.dll
0x00007ffe16970000 - 0x00007ffe169e1000 	C:\WINDOWS\System32\WS2_32.dll
0x00007ffe13300000 - 0x00007ffe13318000 	C:\WINDOWS\SYSTEM32\kernel.appcore.dll
0x00007ffdf1340000 - 0x00007ffdf1350000 	C:\Program Files\Java\jdk-11.0.17\bin\verify.dll
0x00007ffe14440000 - 0x00007ffe1466e000 	C:\WINDOWS\SYSTEM32\DBGHELP.DLL
0x00007ffe15d10000 - 0x00007ffe1609a000 	C:\WINDOWS\System32\combase.dll
0x00007ffe16a00000 - 0x00007ffe16ad7000 	C:\WINDOWS\System32\OLEAUT32.dll
0x00007ffe142b0000 - 0x00007ffe142e2000 	C:\WINDOWS\SYSTEM32\dbgcore.DLL
0x00007ffe153d0000 - 0x00007ffe1544b000 	C:\WINDOWS\System32\bcryptPrimitives.dll
0x00007ffdcdaf0000 - 0x00007ffdcdb18000 	C:\Program Files\Java\jdk-11.0.17\bin\java.dll
0x00007ffdf0b30000 - 0x00007ffdf0b3a000 	C:\Program Files\Java\jdk-11.0.17\bin\jimage.dll
0x00007ffdce480000 - 0x00007ffdce496000 	C:\Program Files\Java\jdk-11.0.17\bin\zip.dll
0x00007ffe15520000 - 0x00007ffe15d0f000 	C:\WINDOWS\System32\SHELL32.dll
0x00007ffe12110000 - 0x00007ffe129d8000 	C:\WINDOWS\SYSTEM32\windows.storage.dll
0x00007ffe11fb0000 - 0x00007ffe120ee000 	C:\WINDOWS\SYSTEM32\wintypes.dll
0x00007ffe16b10000 - 0x00007ffe16c01000 	C:\WINDOWS\System32\SHCORE.dll
0x00007ffe154c0000 - 0x00007ffe1551e000 	C:\WINDOWS\System32\shlwapi.dll
0x00007ffe14a20000 - 0x00007ffe14a41000 	C:\WINDOWS\SYSTEM32\profapi.dll
0x00007ffdce080000 - 0x00007ffdce099000 	C:\Program Files\Java\jdk-11.0.17\bin\net.dll
0x00007ffe0e560000 - 0x00007ffe0e68f000 	C:\WINDOWS\SYSTEM32\WINHTTP.dll
0x00007ffe13aa0000 - 0x00007ffe13b09000 	C:\WINDOWS\system32\mswsock.dll
0x00007ffdcdbf0000 - 0x00007ffdcdc02000 	C:\Program Files\Java\jdk-11.0.17\bin\nio.dll

dbghelp: loaded successfully - version: 4.0.5 - missing functions: none
symbol engine: initialized successfully - sym options: 0x614 - pdb path: .;C:\Program Files\Java\jdk-11.0.17\bin;C:\WINDOWS\SYSTEM32;C:\WINDOWS\WinSxS\amd64_microsoft.windows.common-controls_6595b64144ccf1df_6.0.22621.608_none_a9444ca7c10bb01d;C:\Program Files\Java\jdk-11.0.17\bin\server

VM Arguments:
jvm_args: -Xmx64m -Xms64m -Dorg.gradle.appname=gradlew 
java_command: org.gradle.wrapper.GradleWrapperMain app:installDebug -PreactNativeDevServerPort=8081
java_class_path (initial): C:\Users\avela\Documents\OIM\Dev-App\android\\gradle\wrapper\gradle-wrapper.jar
Launcher Type: SUN_STANDARD

[Global flags]
     intx CICompilerCount                          = 12                                        {product} {ergonomic}
     uint ConcGCThreads                            = 3                                         {product} {ergonomic}
     uint G1ConcRefinementThreads                  = 13                                        {product} {ergonomic}
   size_t G1HeapRegionSize                         = 1048576                                   {product} {ergonomic}
    uintx GCDrainStackTargetSize                   = 64                                        {product} {ergonomic}
   size_t InitialHeapSize                          = 67108864                                  {product} {command line}
   size_t MarkStackSize                            = 4194304                                   {product} {ergonomic}
   size_t MaxHeapSize                              = 67108864                                  {product} {command line}
   size_t MaxNewSize                               = 39845888                                  {product} {ergonomic}
   size_t MinHeapDeltaBytes                        = 1048576                                   {product} {ergonomic}
    uintx NonNMethodCodeHeapSize                   = 7594288                                {pd product} {ergonomic}
    uintx NonProfiledCodeHeapSize                  = 122031976                              {pd product} {ergonomic}
    uintx ProfiledCodeHeapSize                     = 122031976                              {pd product} {ergonomic}
    uintx ReservedCodeCacheSize                    = 251658240                              {pd product} {ergonomic}
     bool SegmentedCodeCache                       = true                                      {product} {ergonomic}
     bool UseCompressedClassPointers               = true                                 {lp64_product} {ergonomic}
     bool UseCompressedOops                        = true                                 {lp64_product} {ergonomic}
     bool UseG1GC                                  = true                                      {product} {ergonomic}
     bool UseLargePagesIndividualAllocation        = false                                  {pd product} {ergonomic}

Logging:
Log output configuration:
 #0: stdout all=warning uptime,level,tags
 #1: stderr all=off uptime,level,tags

Environment Variables:
JAVA_HOME=C:\Program Files\Java\jdk-11.0.17
CLASSPATH=C:\Users\avela\Documents\OIM\Dev-App\android\\gradle\wrapper\gradle-wrapper.jar
PATH=C:\Users\avela\Documents\OIM\Dev-App\android\node_modules\.bin;C:\Users\avela\Documents\OIM\Dev-App\node_modules\.bin;C:\Users\avela\Documents\OIM\node_modules\.bin;C:\Users\avela\Documents\node_modules\.bin;C:\Users\avela\node_modules\.bin;C:\Users\node_modules\.bin;C:\node_modules\.bin;C:\Program Files\nodejs;C:\Users\avela\Documents\OIM\Dev-App\node_modules\.bin;C:\Users\avela\Documents\OIM\Dev-App\node_modules\.bin;C:\Users\avela\Documents\OIM\node_modules\.bin;C:\Users\avela\Documents\node_modules\.bin;C:\Users\avela\node_modules\.bin;C:\Users\node_modules\.bin;C:\node_modules\.bin;C:\Program Files\nodejs\node_modules\npm\node_modules\@npmcli\run-script\lib\node-gyp-bin;C:\Program Files\Common Files\Oracle\Java\javapath;C:\Program Files (x86)\Common Files\Oracle\Java\javapath;C:\WINDOWS\system32;C:\WINDOWS;C:\WINDOWS\System32\Wbem;C:\WINDOWS\System32\WindowsPowerShell\v1.0\;C:\WINDOWS\System32\OpenSSH\;C:\Program Files\nodejs\;C:\Program Files\Git\cmd;C:\Program Files\Microsoft SQL Server\130\Tools\Binn\;C:\Program Files\Microsoft SQL Server\150\Tools\Binn\;C:\Program Files (x86)\Microsoft SQL Server\160\DTS\Binn\;C:\Program Files\Azure Data Studio\bin;C:\Program Files\Microsoft SQL Server\Client SDK\ODBC\170\Tools\Binn\;C:\Program Files\dotnet\;C:\Users\avela\AppData\Local\Microsoft\WindowsApps;C:\Users\avela\AppData\Local\Programs\Microsoft VS Code\bin;C:\Users\avela\AppData\Local\GitHubDesktop\bin;C:\Users\avela\AppData\Roaming\npm;C:\Program Files\Java\jdk-11.0.17\bin;C:\Users\avela\AppData\Local\Android\Sdk\tools;C:\Users\avela\AppData\Local\Android\Sdk\platform-tools;C:\Program Files\Azure Data Studio\bin;C:\Users\avela\.dotnet\tools
USERNAME=avela
OS=Windows_NT
PROCESSOR_IDENTIFIER=AMD64 Family 23 Model 104 Stepping 1, AuthenticAMD



---------------  S Y S T E M  ---------------

OS: Windows 11 , 64 bit Build 22621 (10.0.22621.1194)

CPU:total 16 (initial active 16) (16 cores per cpu, 2 threads per core) family 23 model 104 stepping 1 microcode 0x0, cmov, cx8, fxsr, mmx, sse, sse2, sse3, ssse3, sse4.1, sse4.2, popcnt, avx, avx2, aes, clmul, mmxext, 3dnowpref, lzcnt, sse4a, ht, tsc, tscinvbit, tscinv, bmi1, bmi2, adx,

Memory: 4k page, system-wide physical 15706M (1040M free)
TotalPageFile size 64858M (AvailPageFile size 0M)
current process WorkingSet (physical memory assigned to process): 37M, peak: 37M
current process commit charge ("private bytes"): 154M, peak: 155M

vm_info: Java HotSpot(TM) 64-Bit Server VM (11.0.17+10-LTS-269) for windows-amd64 JRE (11.0.17+10-LTS-269), built on Sep 13 2022 19:26:37 by "mach5one" with MS VC++ 15.9 (VS2017)

END.
